\BOOKMARK [1][-]{section*.1}{\376\377\040\042\000P\000a\000r\000t\000e\000s\000\040\000d\000e\000\040\000l\000a\000\040\000M\000i\000s\000a}{}% 1
\BOOKMARK [1][-]{section.1}{\376\377\000C\000a\000n\000t\000o\000s\000\040\000d\000e\000\040\000E\000n\000t\000r\000a\000d\000a}{}% 2
\BOOKMARK [2][-]{subsection.1.1}{\376\377\000D\000i\000o\000s\000\040\000e\000s\000t\000\341\000\040\000a\000q\000u\000\355}{section.1}% 3
\BOOKMARK [2][-]{subsection.1.2}{\376\377\000V\000e\000n\000i\000m\000o\000s\000\040\000h\000o\000y\000\040\000a\000\040\000t\000u\000\040\000a\000l\000t\000a\000r}{section.1}% 4
\BOOKMARK [2][-]{subsection.1.3}{\376\377\000A\000l\000a\000b\000a\000n\000z\000a\000s\000\040\000a\000l\000\040\000S\000e\000\361\000o\000r}{section.1}% 5
\BOOKMARK [2][-]{subsection.1.4}{\376\377\000\241\000V\000i\000v\000a\000\040\000C\000r\000i\000s\000t\000o\000\040\000R\000e\000y\000!}{section.1}% 6
\BOOKMARK [2][-]{subsection.1.5}{\376\377\000F\000u\000e\000n\000t\000e\000\040\000B\000a\000u\000t\000i\000s\000m\000a\000l}{section.1}% 7
\BOOKMARK [2][-]{subsection.1.6}{\376\377\000B\000a\000u\000t\000\355\000z\000a\000m\000e\000\040\000S\000e\000\361\000o\000r\000\040\000c\000o\000n\000\040\000t\000u\000\040\000e\000s\000p\000\355\000r\000i\000t\000u}{section.1}% 8
\BOOKMARK [2][-]{subsection.1.7}{\376\377\000\241\000V\000a\000m\000o\000s\000\040\000p\000a\000s\000t\000o\000r\000e\000s\000,\000\040\000v\000a\000m\000o\000s\000!}{section.1}% 9
\BOOKMARK [2][-]{subsection.1.8}{\376\377\000C\000a\000m\000i\000n\000a\000r\000\351\000\040\000e\000n\000\040\000p\000r\000e\000s\000e\000n\000c\000i\000a\000\040\000d\000e\000l\000\040\000S\000e\000\361\000o\000r}{section.1}% 10
\BOOKMARK [2][-]{subsection.1.9}{\376\377\000P\000e\000r\000d\000o\000n\000a\000\040\000a\000\040\000t\000u\000\040\000p\000u\000e\000b\000l\000o\000\040\000S\000e\000\361\000o\000r}{section.1}% 11
\BOOKMARK [2][-]{subsection.1.10}{\376\377\000R\000e\000s\000u\000c\000i\000t\000\363}{section.1}% 12
\BOOKMARK [2][-]{subsection.1.11}{\376\377\000M\000i\000\040\000p\000r\000i\000m\000e\000r\000a\000\040\000c\000o\000m\000u\000n\000i\000\363\000n}{section.1}% 13
\BOOKMARK [2][-]{subsection.1.12}{\376\377\000A\000l\000a\000b\000a\000r\000\351}{section.1}% 14
\BOOKMARK [1][-]{section.2}{\376\377\000C\000a\000n\000t\000o\000s\000\040\000S\000e\000\361\000o\000r\000\040\000t\000e\000n\000\040\000P\000i\000e\000d\000a\000d}{}% 15
\BOOKMARK [2][-]{subsection.2.1}{\376\377\000S\000e\000\361\000o\000r\000,\000\040\000t\000e\000n\000\040\000P\000i\000e\000d\000a\000d}{section.2}% 16
\BOOKMARK [1][-]{section.3}{\376\377\000C\000a\000n\000t\000o\000s\000\040\000d\000e\000l\000\040\000G\000l\000o\000r\000i\000a}{}% 17
\BOOKMARK [2][-]{subsection.3.1}{\376\377\000G\000l\000o\000r\000i\000a}{section.3}% 18
\BOOKMARK [1][-]{section.4}{\376\377\000C\000a\000n\000t\000o\000s\000\040\000d\000e\000l\000\040\000A\000l\000e\000l\000u\000y\000a}{}% 19
\BOOKMARK [2][-]{subsection.4.1}{\376\377\000C\000r\000i\000s\000t\000o\000\040\000e\000s\000t\000\341\000\040\000v\000i\000v\000o}{section.4}% 20
\BOOKMARK [2][-]{subsection.4.2}{\376\377\000A\000l\000e\000l\000u\000y\000a\000\040\000\050\000C\000a\000n\000o\000n\000\040\000d\000e\000\040\000P\000a\000c\000h\000e\000l\000b\000e\000l\000\051}{section.4}% 21
\BOOKMARK [2][-]{subsection.4.3}{\376\377\000H\000o\000n\000o\000r\000\040\000y\000\040\000G\000l\000o\000r\000i\000a\000\040\000a\000\040\000t\000i\000\040\000S\000e\000\361\000o\000r\000\040\000J\000e\000s\000\372\000s\000\040\000\050\000E\000n\000\040\000C\000u\000a\000r\000e\000s\000m\000a\000\051}{section.4}% 22
\BOOKMARK [1][-]{section.5}{\376\377\000C\000a\000n\000t\000o\000s\000\040\000d\000e\000\040\000O\000f\000e\000r\000t\000o\000r\000i\000o}{}% 23
\BOOKMARK [2][-]{subsection.5.1}{\376\377\000E\000s\000t\000o\000\040\000q\000u\000e\000\040\000t\000e\000\040\000d\000o\000y}{section.5}% 24
\BOOKMARK [2][-]{subsection.5.2}{\376\377\000A\000n\000t\000e\000\040\000t\000u\000\040\000P\000r\000e\000s\000e\000n\000c\000i\000a}{section.5}% 25
\BOOKMARK [2][-]{subsection.5.3}{\376\377\000S\000a\000b\000e\000r\000\040\000q\000u\000e\000\040\000V\000e\000n\000d\000r\000\341\000s}{section.5}% 26
\BOOKMARK [1][-]{section.6}{\376\377\000C\000a\000n\000t\000o\000s\000\040\000d\000e\000l\000\040\000S\000a\000n\000t\000o}{}% 27
\BOOKMARK [2][-]{subsection.6.1}{\376\377\000S\000a\000n\000t\000o}{section.6}% 28
\BOOKMARK [1][-]{section.7}{\376\377\000C\000a\000n\000t\000o\000s\000\040\000d\000e\000l\000\040\000P\000a\000d\000r\000e\000\040\000n\000u\000e\000s\000t\000r\000o}{}% 29
\BOOKMARK [2][-]{subsection.7.1}{\376\377\000P\000a\000d\000r\000e\000\040\000N\000u\000e\000s\000t\000r\000o}{section.7}% 30
\BOOKMARK [1][-]{section.8}{\376\377\000C\000a\000n\000t\000o\000s\000\040\000d\000e\000l\000\040\000C\000o\000r\000d\000e\000r\000o\000\040\000d\000e\000\040\000D\000i\000o\000s}{}% 31
\BOOKMARK [2][-]{subsection.8.1}{\376\377\000C\000o\000r\000d\000e\000r\000o\000\040\000d\000e\000\040\000D\000i\000o\000s\000\040\000\050\000M\000i\000s\000a\000\040\000A\000n\000d\000i\000n\000a\000\051}{section.8}% 32
\BOOKMARK [1][-]{section.9}{\376\377\000C\000a\000n\000t\000o\000s\000\040\000d\000e\000\040\000C\000o\000m\000u\000n\000i\000\363\000n}{}% 33
\BOOKMARK [2][-]{subsection.9.1}{\376\377\000T\000u\000y\000o\000\040\000S\000o\000y}{section.9}% 34
\BOOKMARK [2][-]{subsection.9.2}{\376\377\000J\000e\000s\000\372\000s\000\040\000A\000m\000i\000g\000o}{section.9}% 35
\BOOKMARK [2][-]{subsection.9.3}{\376\377\000Y\000a\000\040\000n\000o\000\040\000e\000r\000e\000s\000\040\000p\000a\000n\000\040\000y\000\040\000v\000i\000n\000o}{section.9}% 36
\BOOKMARK [2][-]{subsection.9.4}{\376\377\000E\000n\000t\000r\000e\000\040\000t\000u\000s\000\040\000m\000a\000n\000o\000s}{section.9}% 37
\BOOKMARK [2][-]{subsection.9.5}{\376\377\000P\000e\000s\000c\000a\000d\000o\000r\000\040\000d\000e\000\040\000H\000o\000m\000b\000r\000e\000s}{section.9}% 38
\BOOKMARK [1][-]{section.10}{\376\377\000C\000a\000n\000t\000o\000s\000\040\000d\000e\000\040\000S\000a\000l\000i\000d\000a}{}% 39
\BOOKMARK [2][-]{subsection.10.1}{\376\377\000C\000o\000n\000t\000i\000g\000o\000\040\000M\000a\000r\000\355\000a}{section.10}% 40
\BOOKMARK [2][-]{subsection.10.2}{\376\377\000H\000a\000z\000m\000e\000\040\000u\000n\000\040\000I\000n\000s\000t\000r\000u\000m\000e\000n\000t\000o\000\040\000d\000e\000\040\000t\000u\000\040\000P\000a\000z}{section.10}% 41
\BOOKMARK [2][-]{subsection.10.3}{\376\377\000M\000a\000r\000\355\000a\000\040\000M\000\355\000r\000a\000m\000e}{section.10}% 42
